This file contains any messages produced by compilers while
running configure, to aid debugging if configure makes a mistake.

It was created by taler-exchange configure 0.7.0, which was
generated by GNU Autoconf 2.69.  Invocation command line was

  $ ./configure 

## --------- ##
## Platform. ##
## --------- ##

hostname = T480s
uname -m = x86_64
uname -r = 4.15.0-123-generic
uname -s = Linux
uname -v = #126-Ubuntu SMP Wed Oct 21 09:40:11 UTC 2020

/usr/bin/uname -p = unknown
/bin/uname -X     = unknown

/bin/arch              = unknown
/usr/bin/arch -k       = unknown
/usr/convex/getsysinfo = unknown
/usr/bin/hostinfo      = unknown
/bin/machine           = unknown
/usr/bin/oslevel       = unknown
/bin/universe          = unknown

PATH: /home/sebasjm/.local/bin
PATH: /usr/local/sbin
PATH: /usr/local/bin
PATH: /usr/sbin
PATH: /usr/bin
PATH: /sbin
PATH: /bin
PATH: /usr/games
PATH: /usr/local/games
PATH: /snap/bin
PATH: /opt/node-v10.15.3-linux-x64/bin
PATH: /opt/scripts
PATH: /home/linuxbrew/.linuxbrew/bin


## ----------- ##
## Core tests. ##
## ----------- ##

configure:2538: checking for a BSD-compatible install
configure:2606: result: /usr/bin/install -c
configure:2617: checking whether build environment is sane
configure:2672: result: yes
configure:2823: checking for a thread-safe mkdir -p
configure:2862: result: /bin/mkdir -p
configure:2869: checking for gawk
configure:2885: found /usr/bin/gawk
configure:2896: result: gawk
configure:2907: checking whether make sets $(MAKE)
configure:2929: result: yes
configure:2958: checking whether make supports nested variables
configure:2975: result: yes
configure:3054: checking how to create a pax tar archive
configure:3065: tar --version
tar (GNU tar) 1.29
Copyright (C) 2015 Free Software Foundation, Inc.
License GPLv3+: GNU GPL version 3 or later <http://gnu.org/licenses/gpl.html>.
This is free software: you are free to change and redistribute it.
There is NO WARRANTY, to the extent permitted by law.

Written by John Gilmore and Jay Fenlason.
configure:3068: $? = 0
configure:3108: tardir=conftest.dir && eval tar --format=posix -chf - "$tardir" >conftest.tar
configure:3111: $? = 0
configure:3115: tar -xf - <conftest.tar
configure:3118: $? = 0
configure:3120: cat conftest.dir/file
GrepMe
configure:3123: $? = 0
configure:3136: result: gnutar
configure:3199: checking whether make supports nested variables
configure:3216: result: yes
configure:3259: checking build system type
configure:3273: result: x86_64-pc-linux-gnu
configure:3293: checking host system type
configure:3306: result: x86_64-pc-linux-gnu
configure:3347: checking how to print strings
configure:3374: result: printf
configure:3407: checking for style of include used by make
configure:3435: result: GNU
configure:3506: checking for gcc
configure:3522: found /usr/bin/gcc
configure:3533: result: gcc
configure:3762: checking for C compiler version
configure:3771: gcc --version >&5
gcc (Ubuntu 7.5.0-3ubuntu1~18.04) 7.5.0
Copyright (C) 2017 Free Software Foundation, Inc.
This is free software; see the source for copying conditions.  There is NO
warranty; not even for MERCHANTABILITY or FITNESS FOR A PARTICULAR PURPOSE.

configure:3782: $? = 0
configure:3771: gcc -v >&5
Using built-in specs.
COLLECT_GCC=gcc
COLLECT_LTO_WRAPPER=/usr/lib/gcc/x86_64-linux-gnu/7/lto-wrapper
OFFLOAD_TARGET_NAMES=nvptx-none
OFFLOAD_TARGET_DEFAULT=1
Target: x86_64-linux-gnu
Configured with: ../src/configure -v --with-pkgversion='Ubuntu 7.5.0-3ubuntu1~18.04' --with-bugurl=file:///usr/share/doc/gcc-7/README.Bugs --enable-languages=c,ada,c++,go,brig,d,fortran,objc,obj-c++ --prefix=/usr --with-gcc-major-version-only --program-suffix=-7 --program-prefix=x86_64-linux-gnu- --enable-shared --enable-linker-build-id --libexecdir=/usr/lib --without-included-gettext --enable-threads=posix --libdir=/usr/lib --enable-nls --enable-bootstrap --enable-clocale=gnu --enable-libstdcxx-debug --enable-libstdcxx-time=yes --with-default-libstdcxx-abi=new --enable-gnu-unique-object --disable-vtable-verify --enable-libmpx --enable-plugin --enable-default-pie --with-system-zlib --with-target-system-zlib --enable-objc-gc=auto --enable-multiarch --disable-werror --with-arch-32=i686 --with-abi=m64 --with-multilib-list=m32,m64,mx32 --enable-multilib --with-tune=generic --enable-offload-targets=nvptx-none --without-cuda-driver --enable-checking=release --build=x86_64-linux-gnu --host=x86_64-linux-gnu --target=x86_64-linux-gnu
Thread model: posix
gcc version 7.5.0 (Ubuntu 7.5.0-3ubuntu1~18.04) 
configure:3782: $? = 0
configure:3771: gcc -V >&5
gcc: error: unrecognized command line option '-V'
gcc: fatal error: no input files
compilation terminated.
configure:3782: $? = 1
configure:3771: gcc -qversion >&5
gcc: error: unrecognized command line option '-qversion'; did you mean '--version'?
gcc: fatal error: no input files
compilation terminated.
configure:3782: $? = 1
configure:3802: checking whether the C compiler works
configure:3824: gcc    conftest.c  >&5
configure:3828: $? = 0
configure:3876: result: yes
configure:3879: checking for C compiler default output file name
configure:3881: result: a.out
configure:3887: checking for suffix of executables
configure:3894: gcc -o conftest    conftest.c  >&5
configure:3898: $? = 0
configure:3920: result: 
configure:3942: checking whether we are cross compiling
configure:3950: gcc -o conftest    conftest.c  >&5
configure:3954: $? = 0
configure:3961: ./conftest
configure:3965: $? = 0
configure:3980: result: no
configure:3985: checking for suffix of object files
configure:4007: gcc -c   conftest.c >&5
configure:4011: $? = 0
configure:4032: result: o
configure:4036: checking whether we are using the GNU C compiler
configure:4055: gcc -c   conftest.c >&5
configure:4055: $? = 0
configure:4064: result: yes
configure:4073: checking whether gcc accepts -g
configure:4093: gcc -c -g  conftest.c >&5
configure:4093: $? = 0
configure:4134: result: yes
configure:4151: checking for gcc option to accept ISO C89
configure:4214: gcc  -c -g -O2  conftest.c >&5
configure:4214: $? = 0
configure:4227: result: none needed
configure:4252: checking whether gcc understands -c and -o together
configure:4274: gcc -c conftest.c -o conftest2.o
configure:4277: $? = 0
configure:4274: gcc -c conftest.c -o conftest2.o
configure:4277: $? = 0
configure:4289: result: yes
configure:4308: checking dependency style of gcc
configure:4419: result: gcc3
configure:4434: checking for a sed that does not truncate output
configure:4498: result: /bin/sed
configure:4516: checking for grep that handles long lines and -e
configure:4574: result: /bin/grep
configure:4579: checking for egrep
configure:4641: result: /bin/grep -E
configure:4646: checking for fgrep
configure:4708: result: /bin/grep -F
configure:4743: checking for ld used by gcc
configure:4810: result: /usr/bin/ld
configure:4817: checking if the linker (/usr/bin/ld) is GNU ld
configure:4832: result: yes
configure:4844: checking for BSD- or MS-compatible name lister (nm)
configure:4898: result: /usr/bin/nm -B
configure:5028: checking the name lister (/usr/bin/nm -B) interface
configure:5035: gcc -c -g -O2  conftest.c >&5
configure:5038: /usr/bin/nm -B "conftest.o"
configure:5041: output
0000000000000000 B some_variable
configure:5048: result: BSD nm
configure:5051: checking whether ln -s works
configure:5055: result: yes
configure:5063: checking the maximum length of command line arguments
configure:5194: result: 1572864
configure:5242: checking how to convert x86_64-pc-linux-gnu file names to x86_64-pc-linux-gnu format
configure:5282: result: func_convert_file_noop
configure:5289: checking how to convert x86_64-pc-linux-gnu file names to toolchain format
configure:5309: result: func_convert_file_noop
configure:5316: checking for /usr/bin/ld option to reload object files
configure:5323: result: -r
configure:5397: checking for objdump
configure:5413: found /usr/bin/objdump
configure:5424: result: objdump
configure:5456: checking how to recognize dependent libraries
configure:5656: result: pass_all
configure:5741: checking for dlltool
configure:5771: result: no
configure:5801: checking how to associate runtime and link libraries
configure:5828: result: printf %s\n
configure:5889: checking for ar
configure:5905: found /usr/bin/ar
configure:5916: result: ar
configure:5953: checking for archiver @FILE support
configure:5970: gcc -c -g -O2  conftest.c >&5
configure:5970: $? = 0
configure:5973: ar cru libconftest.a @conftest.lst >&5
ar: `u' modifier ignored since `D' is the default (see `U')
configure:5976: $? = 0
configure:5981: ar cru libconftest.a @conftest.lst >&5
ar: `u' modifier ignored since `D' is the default (see `U')
ar: conftest.o: No such file or directory
configure:5984: $? = 1
configure:5996: result: @
configure:6054: checking for strip
configure:6070: found /usr/bin/strip
configure:6081: result: strip
configure:6153: checking for ranlib
configure:6169: found /usr/bin/ranlib
configure:6180: result: ranlib
configure:6282: checking command to parse /usr/bin/nm -B output from gcc object
configure:6435: gcc -c -g -O2  conftest.c >&5
configure:6438: $? = 0
configure:6442: /usr/bin/nm -B conftest.o \| sed -n -e 's/^.*[ ]\([ABCDGIRSTW][ABCDGIRSTW]*\)[ ][ ]*\([_A-Za-z][_A-Za-z0-9]*\)$/\1 \2 \2/p' | sed '/ __gnu_lto/d' \> conftest.nm
configure:6445: $? = 0
configure:6511: gcc -o conftest -g -O2   conftest.c conftstm.o >&5
configure:6514: $? = 0
configure:6552: result: ok
configure:6599: checking for sysroot
configure:6629: result: no
configure:6636: checking for a working dd
configure:6674: result: /bin/dd
configure:6678: checking how to truncate binary pipes
configure:6693: result: /bin/dd bs=4096 count=1
configure:6829: gcc -c -g -O2  conftest.c >&5
configure:6832: $? = 0
configure:7022: checking for mt
configure:7038: found /bin/mt
configure:7049: result: mt
configure:7072: checking if mt is a manifest tool
configure:7078: mt '-?'
configure:7086: result: no
configure:7763: checking how to run the C preprocessor
configure:7794: gcc -E  conftest.c
configure:7794: $? = 0
configure:7808: gcc -E  conftest.c
conftest.c:11:10: fatal error: ac_nonexistent.h: No such file or directory
 #include <ac_nonexistent.h>
          ^~~~~~~~~~~~~~~~~~
compilation terminated.
configure:7808: $? = 1
configure: failed program was:
| /* confdefs.h */
| #define PACKAGE_NAME "taler-exchange"
| #define PACKAGE_TARNAME "taler-exchange"
| #define PACKAGE_VERSION "0.7.0"
| #define PACKAGE_STRING "taler-exchange 0.7.0"
| #define PACKAGE_BUGREPORT "taler-bug@gnunet.org"
| #define PACKAGE_URL ""
| #define PACKAGE "taler-exchange"
| #define VERSION "0.7.0"
| /* end confdefs.h.  */
| #include <ac_nonexistent.h>
configure:7833: result: gcc -E
configure:7853: gcc -E  conftest.c
configure:7853: $? = 0
configure:7867: gcc -E  conftest.c
conftest.c:11:10: fatal error: ac_nonexistent.h: No such file or directory
 #include <ac_nonexistent.h>
          ^~~~~~~~~~~~~~~~~~
compilation terminated.
configure:7867: $? = 1
configure: failed program was:
| /* confdefs.h */
| #define PACKAGE_NAME "taler-exchange"
| #define PACKAGE_TARNAME "taler-exchange"
| #define PACKAGE_VERSION "0.7.0"
| #define PACKAGE_STRING "taler-exchange 0.7.0"
| #define PACKAGE_BUGREPORT "taler-bug@gnunet.org"
| #define PACKAGE_URL ""
| #define PACKAGE "taler-exchange"
| #define VERSION "0.7.0"
| /* end confdefs.h.  */
| #include <ac_nonexistent.h>
configure:7896: checking for ANSI C header files
configure:7916: gcc -c -g -O2  conftest.c >&5
configure:7916: $? = 0
configure:7989: gcc -o conftest -g -O2   conftest.c  >&5
configure:7989: $? = 0
configure:7989: ./conftest
configure:7989: $? = 0
configure:8000: result: yes
configure:8013: checking for sys/types.h
configure:8013: gcc -c -g -O2  conftest.c >&5
configure:8013: $? = 0
configure:8013: result: yes
configure:8013: checking for sys/stat.h
configure:8013: gcc -c -g -O2  conftest.c >&5
configure:8013: $? = 0
configure:8013: result: yes
configure:8013: checking for stdlib.h
configure:8013: gcc -c -g -O2  conftest.c >&5
configure:8013: $? = 0
configure:8013: result: yes
configure:8013: checking for string.h
configure:8013: gcc -c -g -O2  conftest.c >&5
configure:8013: $? = 0
configure:8013: result: yes
configure:8013: checking for memory.h
configure:8013: gcc -c -g -O2  conftest.c >&5
configure:8013: $? = 0
configure:8013: result: yes
configure:8013: checking for strings.h
configure:8013: gcc -c -g -O2  conftest.c >&5
configure:8013: $? = 0
configure:8013: result: yes
configure:8013: checking for inttypes.h
configure:8013: gcc -c -g -O2  conftest.c >&5
configure:8013: $? = 0
configure:8013: result: yes
configure:8013: checking for stdint.h
configure:8013: gcc -c -g -O2  conftest.c >&5
configure:8013: $? = 0
configure:8013: result: yes
configure:8013: checking for unistd.h
configure:8013: gcc -c -g -O2  conftest.c >&5
configure:8013: $? = 0
configure:8013: result: yes
configure:8027: checking for dlfcn.h
configure:8027: gcc -c -g -O2  conftest.c >&5
configure:8027: $? = 0
configure:8027: result: yes
configure:8283: checking for objdir
configure:8298: result: .libs
configure:8562: checking if gcc supports -fno-rtti -fno-exceptions
configure:8580: gcc -c -g -O2  -fno-rtti -fno-exceptions conftest.c >&5
cc1: warning: command line option '-fno-rtti' is valid for C++/ObjC++ but not for C
configure:8584: $? = 0
configure:8597: result: no
configure:8955: checking for gcc option to produce PIC
configure:8962: result: -fPIC -DPIC
configure:8970: checking if gcc PIC flag -fPIC -DPIC works
configure:8988: gcc -c -g -O2  -fPIC -DPIC -DPIC conftest.c >&5
configure:8992: $? = 0
configure:9005: result: yes
configure:9034: checking if gcc static flag -static works
configure:9062: result: yes
configure:9077: checking if gcc supports -c -o file.o
configure:9098: gcc -c -g -O2  -o out/conftest2.o conftest.c >&5
configure:9102: $? = 0
configure:9124: result: yes
configure:9132: checking if gcc supports -c -o file.o
configure:9179: result: yes
configure:9212: checking whether the gcc linker (/usr/bin/ld -m elf_x86_64) supports shared libraries
configure:10475: result: yes
configure:10512: checking whether -lc should be explicitly linked in
configure:10520: gcc -c -g -O2  conftest.c >&5
configure:10523: $? = 0
configure:10538: gcc -shared  -fPIC -DPIC conftest.o  -v -Wl,-soname -Wl,conftest -o conftest 2\>\&1 \| /bin/grep  -lc  \>/dev/null 2\>\&1
configure:10541: $? = 0
configure:10555: result: no
configure:10715: checking dynamic linker characteristics
configure:11296: gcc -o conftest -g -O2   -Wl,-rpath -Wl,/foo conftest.c  >&5
configure:11296: $? = 0
configure:11545: result: GNU/Linux ld.so
configure:11667: checking how to hardcode library paths into programs
configure:11692: result: immediate
configure:12240: checking whether stripping libraries is possible
configure:12245: result: yes
configure:12280: checking if libtool supports shared libraries
configure:12282: result: yes
configure:12285: checking whether to build shared libraries
configure:12310: result: yes
configure:12313: checking whether to build static libraries
configure:12317: result: yes
configure:12460: checking for doxygen
configure:12493: result: no
configure:12513: WARNING: doxygen not found - will not generate any doxygen documentation
configure:12566: checking for perl
configure:12584: found /usr/bin/perl
configure:12596: result: /usr/bin/perl
configure:14450: checking whether to compile documentation ONLY
configure:14459: result: no
configure:14473: checking for unsigned long long int
configure:14512: gcc -o conftest -g -O2   conftest.c  >&5
configure:14512: $? = 0
configure:14521: result: yes
configure:14531: checking for long long int
configure:14569: gcc -o conftest -g -O2   conftest.c  >&5
configure:14569: $? = 0
configure:14569: ./conftest
configure:14569: $? = 0
configure:14581: result: yes
configure:14642: checking for gcc
configure:14669: result: gcc
configure:14898: checking for C compiler version
configure:14907: gcc --version >&5
gcc (Ubuntu 7.5.0-3ubuntu1~18.04) 7.5.0
Copyright (C) 2017 Free Software Foundation, Inc.
This is free software; see the source for copying conditions.  There is NO
warranty; not even for MERCHANTABILITY or FITNESS FOR A PARTICULAR PURPOSE.

configure:14918: $? = 0
configure:14907: gcc -v >&5
Using built-in specs.
COLLECT_GCC=gcc
COLLECT_LTO_WRAPPER=/usr/lib/gcc/x86_64-linux-gnu/7/lto-wrapper
OFFLOAD_TARGET_NAMES=nvptx-none
OFFLOAD_TARGET_DEFAULT=1
Target: x86_64-linux-gnu
Configured with: ../src/configure -v --with-pkgversion='Ubuntu 7.5.0-3ubuntu1~18.04' --with-bugurl=file:///usr/share/doc/gcc-7/README.Bugs --enable-languages=c,ada,c++,go,brig,d,fortran,objc,obj-c++ --prefix=/usr --with-gcc-major-version-only --program-suffix=-7 --program-prefix=x86_64-linux-gnu- --enable-shared --enable-linker-build-id --libexecdir=/usr/lib --without-included-gettext --enable-threads=posix --libdir=/usr/lib --enable-nls --enable-bootstrap --enable-clocale=gnu --enable-libstdcxx-debug --enable-libstdcxx-time=yes --with-default-libstdcxx-abi=new --enable-gnu-unique-object --disable-vtable-verify --enable-libmpx --enable-plugin --enable-default-pie --with-system-zlib --with-target-system-zlib --enable-objc-gc=auto --enable-multiarch --disable-werror --with-arch-32=i686 --with-abi=m64 --with-multilib-list=m32,m64,mx32 --enable-multilib --with-tune=generic --enable-offload-targets=nvptx-none --without-cuda-driver --enable-checking=release --build=x86_64-linux-gnu --host=x86_64-linux-gnu --target=x86_64-linux-gnu
Thread model: posix
gcc version 7.5.0 (Ubuntu 7.5.0-3ubuntu1~18.04) 
configure:14918: $? = 0
configure:14907: gcc -V >&5
gcc: error: unrecognized command line option '-V'
gcc: fatal error: no input files
compilation terminated.
configure:14918: $? = 1
configure:14907: gcc -qversion >&5
gcc: error: unrecognized command line option '-qversion'; did you mean '--version'?
gcc: fatal error: no input files
compilation terminated.
configure:14918: $? = 1
configure:14922: checking whether we are using the GNU C compiler
configure:14950: result: yes
configure:14959: checking whether gcc accepts -g
configure:15020: result: yes
configure:15037: checking for gcc option to accept ISO C89
configure:15113: result: none needed
configure:15138: checking whether gcc understands -c and -o together
configure:15175: result: yes
configure:15194: checking dependency style of gcc
configure:15305: result: gcc3
configure:15320: checking for gcc option to accept ISO C99
configure:15469: gcc  -c -g -O2  conftest.c >&5
configure:15469: $? = 0
configure:15482: result: none needed
configure:15505: checking for stdint.h
configure:15505: result: yes
configure:15505: checking for stdlib.h
configure:15505: result: yes
configure:15505: checking for string.h
configure:15505: result: yes
configure:15505: checking for unistd.h
configure:15505: result: yes
configure:15505: checking sys/socket.h usability
configure:15505: gcc -c -Wall -Wno-address-of-packed-member -g -O2  conftest.c >&5
configure:15505: $? = 0
configure:15505: result: yes
configure:15505: checking sys/socket.h presence
configure:15505: gcc -E  conftest.c
configure:15505: $? = 0
configure:15505: result: yes
configure:15505: checking for sys/socket.h
configure:15505: result: yes
configure:15505: checking sys/un.h usability
configure:15505: gcc -c -Wall -Wno-address-of-packed-member -g -O2  conftest.c >&5
configure:15505: $? = 0
configure:15505: result: yes
configure:15505: checking sys/un.h presence
configure:15505: gcc -E  conftest.c
configure:15505: $? = 0
configure:15505: result: yes
configure:15505: checking for sys/un.h
configure:15505: result: yes
configure:15505: checking netinet/in.h usability
configure:15505: gcc -c -Wall -Wno-address-of-packed-member -g -O2  conftest.c >&5
configure:15505: $? = 0
configure:15505: result: yes
configure:15505: checking netinet/in.h presence
configure:15505: gcc -E  conftest.c
configure:15505: $? = 0
configure:15505: result: yes
configure:15505: checking for netinet/in.h
configure:15505: result: yes
configure:15505: checking netinet/ip.h usability
configure:15505: gcc -c -Wall -Wno-address-of-packed-member -g -O2  conftest.c >&5
configure:15505: $? = 0
configure:15505: result: yes
configure:15505: checking netinet/ip.h presence
configure:15505: gcc -E  conftest.c
configure:15505: $? = 0
configure:15505: result: yes
configure:15505: checking for netinet/ip.h
configure:15505: result: yes
configure:15585: checking for libgcrypt-config
configure:15618: result: no
configure:15646: checking for LIBGCRYPT - version >= 1.6.1
configure:15683: result: no
configure:15741: checking whether to run expensive tests
configure:15750: result: no
configure:15762: checking whether to enable epoll
configure:15772: result: auto
configure:15785: checking linux/version.h usability
configure:15785: gcc -c -Wall -Wno-address-of-packed-member -g -O2  conftest.c >&5
configure:15785: $? = 0
configure:15785: result: yes
configure:15785: checking linux/version.h presence
configure:15785: gcc -E  conftest.c
configure:15785: $? = 0
configure:15785: result: yes
configure:15785: checking for linux/version.h
configure:15785: result: yes
configure:15791: checking for Linux epoll(7) interface
configure:15817: gcc -o conftest -Wall -Wno-address-of-packed-member -g -O2  -DHAVE_LINUX_VERSION_H  conftest.c  >&5
conftest.c: In function 'main':
conftest.c:45:9: warning: variable 'rc' set but not used [-Wunused-but-set-variable]
 int fd, rc;
         ^~
conftest.c: At top level:
cc1: warning: unrecognized command line option '-Wno-address-of-packed-member'
configure:15817: $? = 0
configure:15828: result: yes
configure:15852: checking for epoll_create1()
configure:15874: gcc -o conftest -Wall -Wno-address-of-packed-member -g -O2   conftest.c  >&5
conftest.c: In function 'main':
conftest.c:43:5: warning: variable 'fd' set but not used [-Wunused-but-set-variable]
 int fd;
     ^~
conftest.c: At top level:
cc1: warning: unrecognized command line option '-Wno-address-of-packed-member'
configure:15874: $? = 0
configure:15882: result: yes
configure:15895: checking for libgnunetutil
configure:15903: result: not given
configure:15920: checking for gnunet/platform.h
configure:15920: gcc -c -Wall -Wno-address-of-packed-member -g -O2  conftest.c >&5
conftest.c:40:10: fatal error: gnunet/platform.h: No such file or directory
 #include <gnunet/platform.h>
          ^~~~~~~~~~~~~~~~~~~
compilation terminated.
configure:15920: $? = 1
configure: failed program was:
| /* confdefs.h */
| #define PACKAGE_NAME "taler-exchange"
| #define PACKAGE_TARNAME "taler-exchange"
| #define PACKAGE_VERSION "0.7.0"
| #define PACKAGE_STRING "taler-exchange 0.7.0"
| #define PACKAGE_BUGREPORT "taler-bug@gnunet.org"
| #define PACKAGE_URL ""
| #define PACKAGE "taler-exchange"
| #define VERSION "0.7.0"
| #define STDC_HEADERS 1
| #define HAVE_SYS_TYPES_H 1
| #define HAVE_SYS_STAT_H 1
| #define HAVE_STDLIB_H 1
| #define HAVE_STRING_H 1
| #define HAVE_MEMORY_H 1
| #define HAVE_STRINGS_H 1
| #define HAVE_INTTYPES_H 1
| #define HAVE_STDINT_H 1
| #define HAVE_UNISTD_H 1
| #define HAVE_DLFCN_H 1
| #define LT_OBJDIR ".libs/"
| #define HAVE_UNSIGNED_LONG_LONG_INT 1
| #define HAVE_LONG_LONG_INT 1
| #define HAVE_STDINT_H 1
| #define HAVE_STDLIB_H 1
| #define HAVE_STRING_H 1
| #define HAVE_UNISTD_H 1
| #define HAVE_SYS_SOCKET_H 1
| #define HAVE_SYS_UN_H 1
| #define HAVE_NETINET_IN_H 1
| #define HAVE_NETINET_IP_H 1
| #define NEED_LIBGCRYPT_VERSION "1.6.1"
| #define EPOLL_SUPPORT 1
| #define HAVE_EPOLL_CREATE1 1
| /* end confdefs.h.  */
| #ifdef HAVE_GNUNET_PLATFORM_H
|         #include <gnunet/platform.h>
|        #endif
| 
| #include <gnunet/platform.h>
configure:15920: result: no
configure:15920: checking for gnunet/gnunet_util_lib.h
configure:15920: gcc -c -Wall -Wno-address-of-packed-member -g -O2  conftest.c >&5
conftest.c:40:10: fatal error: gnunet/gnunet_util_lib.h: No such file or directory
 #include <gnunet/gnunet_util_lib.h>
          ^~~~~~~~~~~~~~~~~~~~~~~~~~
compilation terminated.
configure:15920: $? = 1
configure: failed program was:
| /* confdefs.h */
| #define PACKAGE_NAME "taler-exchange"
| #define PACKAGE_TARNAME "taler-exchange"
| #define PACKAGE_VERSION "0.7.0"
| #define PACKAGE_STRING "taler-exchange 0.7.0"
| #define PACKAGE_BUGREPORT "taler-bug@gnunet.org"
| #define PACKAGE_URL ""
| #define PACKAGE "taler-exchange"
| #define VERSION "0.7.0"
| #define STDC_HEADERS 1
| #define HAVE_SYS_TYPES_H 1
| #define HAVE_SYS_STAT_H 1
| #define HAVE_STDLIB_H 1
| #define HAVE_STRING_H 1
| #define HAVE_MEMORY_H 1
| #define HAVE_STRINGS_H 1
| #define HAVE_INTTYPES_H 1
| #define HAVE_STDINT_H 1
| #define HAVE_UNISTD_H 1
| #define HAVE_DLFCN_H 1
| #define LT_OBJDIR ".libs/"
| #define HAVE_UNSIGNED_LONG_LONG_INT 1
| #define HAVE_LONG_LONG_INT 1
| #define HAVE_STDINT_H 1
| #define HAVE_STDLIB_H 1
| #define HAVE_STRING_H 1
| #define HAVE_UNISTD_H 1
| #define HAVE_SYS_SOCKET_H 1
| #define HAVE_SYS_UN_H 1
| #define HAVE_NETINET_IN_H 1
| #define HAVE_NETINET_IP_H 1
| #define NEED_LIBGCRYPT_VERSION "1.6.1"
| #define EPOLL_SUPPORT 1
| #define HAVE_EPOLL_CREATE1 1
| /* end confdefs.h.  */
| #ifdef HAVE_GNUNET_PLATFORM_H
|         #include <gnunet/platform.h>
|        #endif
| 
| #include <gnunet/gnunet_util_lib.h>
configure:15920: result: no
configure:15973: error: 
***
*** You need libgnunetutil to build this program.
*** This library is part of GNUnet, available at
***   https://gnunet.org
*** 

## ---------------- ##
## Cache variables. ##
## ---------------- ##

ac_cv_build=x86_64-pc-linux-gnu
ac_cv_c_compiler_gnu=yes
ac_cv_env_CC_set=
ac_cv_env_CC_value=
ac_cv_env_CFLAGS_set=
ac_cv_env_CFLAGS_value=
ac_cv_env_CPPFLAGS_set=
ac_cv_env_CPPFLAGS_value=
ac_cv_env_CPP_set=
ac_cv_env_CPP_value=
ac_cv_env_DOXYGEN_PAPER_SIZE_set=
ac_cv_env_DOXYGEN_PAPER_SIZE_value=
ac_cv_env_LDFLAGS_set=
ac_cv_env_LDFLAGS_value=
ac_cv_env_LIBS_set=
ac_cv_env_LIBS_value=
ac_cv_env_LT_SYS_LIBRARY_PATH_set=
ac_cv_env_LT_SYS_LIBRARY_PATH_value=
ac_cv_env_build_alias_set=
ac_cv_env_build_alias_value=
ac_cv_env_host_alias_set=
ac_cv_env_host_alias_value=
ac_cv_env_target_alias_set=
ac_cv_env_target_alias_value=
ac_cv_header_dlfcn_h=yes
ac_cv_header_gnunet_gnunet_util_lib_h=no
ac_cv_header_gnunet_platform_h=no
ac_cv_header_inttypes_h=yes
ac_cv_header_linux_version_h=yes
ac_cv_header_memory_h=yes
ac_cv_header_netinet_in_h=yes
ac_cv_header_netinet_ip_h=yes
ac_cv_header_stdc=yes
ac_cv_header_stdint_h=yes
ac_cv_header_stdlib_h=yes
ac_cv_header_string_h=yes
ac_cv_header_strings_h=yes
ac_cv_header_sys_socket_h=yes
ac_cv_header_sys_stat_h=yes
ac_cv_header_sys_types_h=yes
ac_cv_header_sys_un_h=yes
ac_cv_header_unistd_h=yes
ac_cv_host=x86_64-pc-linux-gnu
ac_cv_objext=o
ac_cv_path_EGREP='/bin/grep -E'
ac_cv_path_FGREP='/bin/grep -F'
ac_cv_path_GREP=/bin/grep
ac_cv_path_SED=/bin/sed
ac_cv_path_ac_pt_DX_PERL=/usr/bin/perl
ac_cv_path_install='/usr/bin/install -c'
ac_cv_path_lt_DD=/bin/dd
ac_cv_path_mkdir=/bin/mkdir
ac_cv_prog_AWK=gawk
ac_cv_prog_CPP='gcc -E'
ac_cv_prog_ac_ct_AR=ar
ac_cv_prog_ac_ct_CC=gcc
ac_cv_prog_ac_ct_MANIFEST_TOOL=mt
ac_cv_prog_ac_ct_OBJDUMP=objdump
ac_cv_prog_ac_ct_RANLIB=ranlib
ac_cv_prog_ac_ct_STRIP=strip
ac_cv_prog_cc_c89=
ac_cv_prog_cc_c99=
ac_cv_prog_cc_g=yes
ac_cv_prog_make_make_set=yes
ac_cv_type_long_long_int=yes
ac_cv_type_unsigned_long_long_int=yes
am_cv_CC_dependencies_compiler_type=gcc3
am_cv_make_support_nested_variables=yes
am_cv_prog_cc_c_o=yes
am_cv_prog_tar_pax=gnutar
ax_cv_have_epoll=yes
lt_cv_ar_at_file=@
lt_cv_archive_cmds_need_lc=no
lt_cv_deplibs_check_method=pass_all
lt_cv_file_magic_cmd='$MAGIC_CMD'
lt_cv_file_magic_test_file=
lt_cv_ld_reload_flag=-r
lt_cv_nm_interface='BSD nm'
lt_cv_objdir=.libs
lt_cv_path_LD=/usr/bin/ld
lt_cv_path_NM='/usr/bin/nm -B'
lt_cv_path_mainfest_tool=no
lt_cv_prog_compiler_c_o=yes
lt_cv_prog_compiler_pic='-fPIC -DPIC'
lt_cv_prog_compiler_pic_works=yes
lt_cv_prog_compiler_rtti_exceptions=no
lt_cv_prog_compiler_static_works=yes
lt_cv_prog_gnu_ld=yes
lt_cv_sharedlib_from_linklib_cmd='printf %s\n'
lt_cv_shlibpath_overrides_runpath=yes
lt_cv_sys_global_symbol_pipe='sed -n -e '\''s/^.*[	 ]\([ABCDGIRSTW][ABCDGIRSTW]*\)[	 ][	 ]*\([_A-Za-z][_A-Za-z0-9]*\)$/\1 \2 \2/p'\'' | sed '\''/ __gnu_lto/d'\'''
lt_cv_sys_global_symbol_to_c_name_address='sed -n -e '\''s/^: \(.*\) .*$/  {"\1", (void *) 0},/p'\'' -e '\''s/^[ABCDGIRSTW][ABCDGIRSTW]* .* \(.*\)$/  {"\1", (void *) \&\1},/p'\'''
lt_cv_sys_global_symbol_to_c_name_address_lib_prefix='sed -n -e '\''s/^: \(.*\) .*$/  {"\1", (void *) 0},/p'\'' -e '\''s/^[ABCDGIRSTW][ABCDGIRSTW]* .* \(lib.*\)$/  {"\1", (void *) \&\1},/p'\'' -e '\''s/^[ABCDGIRSTW][ABCDGIRSTW]* .* \(.*\)$/  {"lib\1", (void *) \&\1},/p'\'''
lt_cv_sys_global_symbol_to_cdecl='sed -n -e '\''s/^T .* \(.*\)$/extern int \1();/p'\'' -e '\''s/^[ABCDGIRSTW][ABCDGIRSTW]* .* \(.*\)$/extern char \1;/p'\'''
lt_cv_sys_global_symbol_to_import=
lt_cv_sys_max_cmd_len=1572864
lt_cv_to_host_file_cmd=func_convert_file_noop
lt_cv_to_tool_file_cmd=func_convert_file_noop
lt_cv_truncate_bin='/bin/dd bs=4096 count=1'
mhd_cv_have_epoll_create1=yes

## ----------------- ##
## Output variables. ##
## ----------------- ##

ACLOCAL='${SHELL} /home/sebasjm/Work/taler/exchange/missing aclocal-1.15'
AMDEPBACKSLASH='\'
AMDEP_FALSE='#'
AMDEP_TRUE=''
AMTAR='$${TAR-tar}'
AM_BACKSLASH='\'
AM_DEFAULT_V='$(AM_DEFAULT_VERBOSITY)'
AM_DEFAULT_VERBOSITY='0'
AM_V='$(V)'
AR='ar'
AUTOCONF='${SHELL} /home/sebasjm/Work/taler/exchange/missing autoconf'
AUTOHEADER='${SHELL} /home/sebasjm/Work/taler/exchange/missing autoheader'
AUTOMAKE='${SHELL} /home/sebasjm/Work/taler/exchange/missing automake-1.15'
AWK='gawk'
CC='gcc'
CCDEPMODE='depmode=gcc3'
CFLAGS='-Wall -Wno-address-of-packed-member -g -O2'
CPP='gcc -E'
CPPFLAGS=''
CYGPATH_W='echo'
DEFS=''
DEPDIR='.deps'
DLLTOOL='false'
DOC_ONLY_FALSE=''
DOC_ONLY_TRUE='#'
DOT_PATH=''
DOXYGEN_PAPER_SIZE=''
DSYMUTIL=''
DUMPBIN=''
DX_CONFIG2='$(srcdir)/Doxyfile'
DX_CONFIG3='$(srcdir)/Doxyfile'
DX_CONFIG4='$(srcdir)/Doxyfile'
DX_CONFIG='$(srcdir)/Doxyfile'
DX_DOCDIR2='doxygen-doc'
DX_DOCDIR3='doxygen-doc'
DX_DOCDIR4='doxygen-doc'
DX_DOCDIR='doxygen-doc'
DX_DOT=''
DX_DOXYGEN=''
DX_DVIPS=''
DX_EGREP=''
DX_ENV=' SRCDIR='\''.'\'' PROJECT='\''taler-exchange'\'' VERSION='\''0.7.0'\'' HAVE_DOT='\''NO'\'' GENERATE_MAN='\''NO'\'' GENERATE_RTF='\''NO'\'' GENERATE_XML='\''NO'\'' GENERATE_HTMLHELP='\''NO'\'' GENERATE_CHI='\''NO'\'' GENERATE_HTML='\''NO'\'' GENERATE_LATEX='\''NO'\'''
DX_FLAG_chi='0'
DX_FLAG_chm='0'
DX_FLAG_doc='0'
DX_FLAG_dot='0'
DX_FLAG_html='0'
DX_FLAG_man='0'
DX_FLAG_pdf='0'
DX_FLAG_ps='0'
DX_FLAG_rtf='0'
DX_FLAG_xml='0'
DX_HHC=''
DX_LATEX=''
DX_MAKEINDEX=''
DX_PDFLATEX=''
DX_PERL='/usr/bin/perl'
DX_PROJECT='taler-exchange'
DX_RULES=''
ECHO_C=''
ECHO_N='-n'
ECHO_T=''
EGREP='/bin/grep -E'
ENABLE_DOC_FALSE=''
ENABLE_DOC_TRUE=''
EXEEXT=''
FGREP='/bin/grep -F'
GENERATE_CHI='NO'
GENERATE_HTML='NO'
GENERATE_HTMLHELP='NO'
GENERATE_LATEX='NO'
GENERATE_MAN='NO'
GENERATE_RTF='NO'
GENERATE_XML='NO'
GREP='/bin/grep'
HAVE_DEVELOPER_FALSE=''
HAVE_DEVELOPER_TRUE=''
HAVE_DOT='NO'
HAVE_EXPENSIVE_TESTS_FALSE=''
HAVE_EXPENSIVE_TESTS_TRUE='#'
HAVE_LIBCURL_FALSE=''
HAVE_LIBCURL_TRUE=''
HAVE_LIBGNURL_FALSE=''
HAVE_LIBGNURL_TRUE=''
HAVE_POSTGRESQL_FALSE=''
HAVE_POSTGRESQL_TRUE=''
HAVE_SQLITE_FALSE=''
HAVE_SQLITE_TRUE=''
HAVE_TWISTER_FALSE=''
HAVE_TWISTER_TRUE=''
HHC_PATH=''
INSTALL_DATA='${INSTALL} -m 644'
INSTALL_PROGRAM='${INSTALL}'
INSTALL_SCRIPT='${INSTALL}'
INSTALL_STRIP_PROGRAM='$(install_sh) -c -s'
LD='/usr/bin/ld -m elf_x86_64'
LDFLAGS=''
LIBCURL=''
LIBCURL_CPPFLAGS=''
LIBGCRYPT_CFLAGS=''
LIBGCRYPT_CONFIG='no'
LIBGCRYPT_LIBS=''
LIBGNURL=''
LIBGNURLCURL_LIBS=''
LIBGNURL_CPPFLAGS=''
LIBOBJS=''
LIBS=''
LIBTOOL='$(SHELL) $(top_builddir)/libtool'
LIPO=''
LN_S='ln -s'
LTLIBOBJS=''
LT_SYS_LIBRARY_PATH=''
MAKEINFO='${SHELL} /home/sebasjm/Work/taler/exchange/missing makeinfo'
MANIFEST_TOOL=':'
MHD_HAVE_EPOLL_FALSE=''
MHD_HAVE_EPOLL_TRUE='#'
MKDIR_P='/bin/mkdir -p'
NM='/usr/bin/nm -B'
NMEDIT=''
OBJDUMP='objdump'
OBJEXT='o'
OTOOL64=''
OTOOL=''
PACKAGE='taler-exchange'
PACKAGE_BUGREPORT='taler-bug@gnunet.org'
PACKAGE_NAME='taler-exchange'
PACKAGE_STRING='taler-exchange 0.7.0'
PACKAGE_TARNAME='taler-exchange'
PACKAGE_URL=''
PACKAGE_VERSION='0.7.0'
PAPER_SIZE=''
PATH_SEPARATOR=':'
PERL_PATH=''
PG_CONFIG=''
POSTGRESQL_CPPFLAGS=''
POSTGRESQL_LDFLAGS=''
POSTGRESQL_VERSION=''
PROJECT='taler-exchange'
RANLIB='ranlib'
SED='/bin/sed'
SET_MAKE=''
SHELL='/bin/bash'
SQLITE_CPPFLAGS=''
SQLITE_LDFLAGS=''
SRCDIR='.'
STRIP='strip'
TALER_LIB_LDFLAGS=''
TALER_PLUGIN_LDFLAGS=''
USE_COVERAGE_FALSE=''
USE_COVERAGE_TRUE=''
VERSION='0.7.0'
_libcurl_config=''
_libgnurl_config=''
ac_ct_AR='ar'
ac_ct_CC='gcc'
ac_ct_DUMPBIN=''
am__EXEEXT_FALSE=''
am__EXEEXT_TRUE=''
am__fastdepCC_FALSE='#'
am__fastdepCC_TRUE=''
am__include='include'
am__isrc=''
am__leading_dot='.'
am__nodep='_no'
am__quote=''
am__tar='tar --format=posix -chf - "$$tardir"'
am__untar='tar -xf -'
bindir='${exec_prefix}/bin'
build='x86_64-pc-linux-gnu'
build_alias=''
build_cpu='x86_64'
build_os='linux-gnu'
build_vendor='pc'
datadir='${datarootdir}'
datarootdir='${prefix}/share'
docdir='${datarootdir}/doc/${PACKAGE_TARNAME}'
dvidir='${docdir}'
exec_prefix='NONE'
gitcommand=''
host='x86_64-pc-linux-gnu'
host_alias=''
host_cpu='x86_64'
host_os='linux-gnu'
host_vendor='pc'
htmldir='${docdir}'
includedir='${prefix}/include'
infodir='${datarootdir}/info'
install_sh='${SHELL} /home/sebasjm/Work/taler/exchange/install-sh'
libdir='${exec_prefix}/lib'
libexecdir='${exec_prefix}/libexec'
localedir='${datarootdir}/locale'
localstatedir='${prefix}/var'
mandir='${datarootdir}/man'
mkdir_p='$(MKDIR_P)'
oldincludedir='/usr/include'
pdfdir='${docdir}'
prefix='NONE'
program_transform_name='s,x,x,'
psdir='${docdir}'
runstatedir='${localstatedir}/run'
sbindir='${exec_prefix}/sbin'
sharedstatedir='${prefix}/com'
sysconfdir='${prefix}/etc'
target_alias=''

## ----------- ##
## confdefs.h. ##
## ----------- ##

/* confdefs.h */
#define PACKAGE_NAME "taler-exchange"
#define PACKAGE_TARNAME "taler-exchange"
#define PACKAGE_VERSION "0.7.0"
#define PACKAGE_STRING "taler-exchange 0.7.0"
#define PACKAGE_BUGREPORT "taler-bug@gnunet.org"
#define PACKAGE_URL ""
#define PACKAGE "taler-exchange"
#define VERSION "0.7.0"
#define STDC_HEADERS 1
#define HAVE_SYS_TYPES_H 1
#define HAVE_SYS_STAT_H 1
#define HAVE_STDLIB_H 1
#define HAVE_STRING_H 1
#define HAVE_MEMORY_H 1
#define HAVE_STRINGS_H 1
#define HAVE_INTTYPES_H 1
#define HAVE_STDINT_H 1
#define HAVE_UNISTD_H 1
#define HAVE_DLFCN_H 1
#define LT_OBJDIR ".libs/"
#define HAVE_UNSIGNED_LONG_LONG_INT 1
#define HAVE_LONG_LONG_INT 1
#define HAVE_STDINT_H 1
#define HAVE_STDLIB_H 1
#define HAVE_STRING_H 1
#define HAVE_UNISTD_H 1
#define HAVE_SYS_SOCKET_H 1
#define HAVE_SYS_UN_H 1
#define HAVE_NETINET_IN_H 1
#define HAVE_NETINET_IP_H 1
#define NEED_LIBGCRYPT_VERSION "1.6.1"
#define EPOLL_SUPPORT 1
#define HAVE_EPOLL_CREATE1 1

configure: exit 1
